<?xml version="1.0" encoding="UTF-8"?>
<!-- Generated by org.testng.reporters.JUnitXMLReporter -->
<testsuite ignored="0" hostname="ThivakarDeivendran" failures="1" tests="2" name="Test" time="9.773" errors="0" timestamp="2023-12-04T02:31:34 IST">
  <testcase classname="allureReportPackage.TestClass" name="setUp" time="7.809">
    <failure type="java.lang.AssertionError" message="expected [Facebook – log in or sign] but found [Facebook – log in or sign up]">
      <![CDATA[java.lang.AssertionError: expected [Facebook – log in or sign] but found [Facebook – log in or sign up]
at allureReportPackage.TestClass.setUp(TestClass.java:24)
at java.base/java.util.ArrayList.forEach(ArrayList.java:1541)
... Removed 33 stack frames]]>
    </failure>
  </testcase> <!-- setUp -->
  <testcase classname="allureReportPackage.TestClass" name="testMethod" time="1.755"/>
</testsuite> <!-- Test -->
