<?xml version="1.0" encoding="UTF-8"?>
<!-- Generated by org.testng.reporters.JUnitXMLReporter -->
<testsuite ignored="0" hostname="ThivakarDeivendran" failures="1" tests="2" name="Test" time="26.759" errors="0" timestamp="2024-03-02T21:44:48 IST">
  <testcase classname="allureReportPackage.TestClass" name="setUp" time="24.588">
    <failure type="java.lang.AssertionError" message="expected [Facebook â€“ log in or sign] but found [Facebook – log in or sign up]">
      <![CDATA[java.lang.AssertionError: expected [Facebook â€“ log in or sign] but found [Facebook – log in or sign up]
at allureReportPackage.TestClass.setUp(TestClass.java:24)
at java.base/java.util.ArrayList.forEach(ArrayList.java:1541)
... Removed 33 stack frames]]>
    </failure>
  </testcase> <!-- setUp -->
  <testcase classname="allureReportPackage.TestClass" name="testMethod" time="1.897"/>
</testsuite> <!-- Test -->
